<?xml version="1.0" encoding="UTF-8"?>
<!-- Generated by org.testng.reporters.JUnitReportReporter -->
<testsuite hostname="DESKTOP-D9VBHTA" failures="0" tests="3" name="java_practice_newone.ParameterizeDataprovider" time="19.752" errors="0" timestamp="2024-10-19T22:11:19 IST" skipped="0">
  <testcase classname="java_practice_newone.ParameterizeDataprovider" name="enterdata" time="6.587"/>
  <system-out/>
  <testcase classname="java_practice_newone.ParameterizeDataprovider" name="enterdata" time="6.556"/>
  <system-out/>
  <testcase classname="java_practice_newone.ParameterizeDataprovider" name="enterdata" time="6.609"/>
  <system-out/>
</testsuite> <!-- java_practice_newone.ParameterizeDataprovider -->
