<?xml version="1.0" encoding="UTF-8"?>
<!-- Generated by org.testng.reporters.JUnitReportReporter -->
<testsuite hostname="DESKTOP-D9VBHTA" failures="0" tests="2" name="java_practice_newone.AnnotationsExecute" time="0.021" errors="0" timestamp="2024-10-17T21:37:55 IST" skipped="0">
  <testcase classname="java_practice_newone.AnnotationsExecute" name="a" time="0.014"/>
  <system-out/>
  <testcase classname="java_practice_newone.AnnotationsExecute" name="b" time="0.007"/>
  <system-out/>
</testsuite> <!-- java_practice_newone.AnnotationsExecute -->
