<?xml version="1.0" encoding="UTF-8"?>
<!-- Generated by org.testng.reporters.JUnitReportReporter -->
<testsuite hostname="DESKTOP-D9VBHTA" failures="0" tests="9" name="java_practice_newone.SkiptestScript" time="0.030" errors="0" timestamp="2024-10-19T21:01:19 IST" skipped="2">
  <testcase classname="java_practice_newone.SkiptestScript" name="d" time="0.002"/>
  <system-out/>
  <testcase classname="java_practice_newone.SkiptestScript" name="d" time="0.002"/>
  <system-out/>
  <testcase classname="java_practice_newone.SkiptestScript" name="d" time="0.001"/>
  <system-out/>
  <testcase classname="java_practice_newone.SkiptestScript" name="f" time="0.006">
    <skipped/>
  </testcase> <!-- f -->
  <system-out/>
  <testcase classname="java_practice_newone.SkiptestScript" name="c" time="0.010"/>
  <system-out/>
  <testcase classname="java_practice_newone.SkiptestScript" name="a" time="0.005"/>
  <system-out/>
  <testcase classname="java_practice_newone.SkiptestScript" name="d" time="0.002"/>
  <system-out/>
  <testcase classname="java_practice_newone.SkiptestScript" name="d" time="0.002"/>
  <system-out/>
  <testcase classname="java_practice_newone.SkiptestScript" name="b">
    <skipped/>
  </testcase> <!-- b -->
  <system-out/>
</testsuite> <!-- java_practice_newone.SkiptestScript -->
