<?xml version="1.0" encoding="UTF-8"?>
<!-- Generated by org.testng.reporters.JUnitReportReporter -->
<testsuite hostname="DESKTOP-D9VBHTA" failures="0" tests="3" name="java_practice_newone.TESTNG1" time="0.026" errors="0" timestamp="2024-10-19T21:01:19 IST" skipped="0">
  <testcase classname="java_practice_newone.TESTNG1" name="a2" time="0.012"/>
  <system-out/>
  <testcase classname="java_practice_newone.TESTNG1" name="a1" time="0.011"/>
  <system-out/>
  <testcase classname="java_practice_newone.TESTNG1" name="A1" time="0.003"/>
  <system-out/>
</testsuite> <!-- java_practice_newone.TESTNG1 -->
