<?xml version="1.0" encoding="UTF-8"?>
<!-- Generated by org.testng.reporters.JUnitReportReporter -->
<testsuite hostname="DESKTOP-D9VBHTA" failures="0" tests="4" name="java_practice_newone.MultipleTestScript" time="0.017" errors="0" timestamp="2024-10-19T21:01:19 IST" skipped="1">
  <testcase classname="java_practice_newone.MultipleTestScript" name="d" time="0.011"/>
  <system-out/>
  <testcase classname="java_practice_newone.MultipleTestScript" name="d" time="0.002"/>
  <system-out/>
  <testcase classname="java_practice_newone.MultipleTestScript" name="d" time="0.004"/>
  <system-out/>
  <testcase classname="java_practice_newone.MultipleTestScript" name="S">
    <skipped/>
  </testcase> <!-- S -->
  <system-out/>
</testsuite> <!-- java_practice_newone.MultipleTestScript -->
