<?xml version="1.0" encoding="UTF-8"?>
<!-- Generated by org.testng.reporters.JUnitReportReporter -->
<testsuite hostname="DESKTOP-D9VBHTA" failures="0" tests="4" name="java_practice_newone.HandlingMultipleTestScript" time="0.018" errors="0" timestamp="2024-10-19T21:01:19 IST" skipped="0">
  <testcase classname="java_practice_newone.HandlingMultipleTestScript" name="a1" time="0.004"/>
  <system-out/>
  <testcase classname="java_practice_newone.HandlingMultipleTestScript" name="a2" time="0.007"/>
  <system-out/>
  <testcase classname="java_practice_newone.HandlingMultipleTestScript" name="ad" time="0.003"/>
  <system-out/>
  <testcase classname="java_practice_newone.HandlingMultipleTestScript" name="ab" time="0.004"/>
  <system-out/>
</testsuite> <!-- java_practice_newone.HandlingMultipleTestScript -->
