<?xml version="1.0" encoding="UTF-8"?>
<!-- Generated by org.testng.reporters.JUnitReportReporter -->
<testsuite hostname="DESKTOP-D9VBHTA" failures="0" tests="1" name="com.facebbok.tests.LoginTest" time="25.137" errors="0" timestamp="2024-11-17T12:24:24 IST" skipped="0">
  <testcase classname="com.facebbok.tests.LoginTest" name="LoginTest1" time="25.137"/>
  <system-out/>
</testsuite> <!-- com.facebbok.tests.LoginTest -->
