<?xml version="1.0" encoding="UTF-8"?>
<!-- Generated by org.testng.reporters.JUnitReportReporter -->
<testsuite hostname="DESKTOP-D9VBHTA" failures="0" tests="1" name="java_practice_newone.trycatchassertion" time="0.015" errors="0" timestamp="2024-10-20T19:54:34 IST" skipped="0">
  <testcase classname="java_practice_newone.trycatchassertion" name="a" time="0.015"/>
  <system-out/>
</testsuite> <!-- java_practice_newone.trycatchassertion -->
